<?xml version="1.0" encoding="UTF-8" ?>
<testsuite tests="8" failures="0" name="bddshowcasepackage.BDDShowcaseTest" time="0.418" errors="1" skipped="0">
  <properties>
[...]
</properties>
  <testcase classname="Erfassen von Arbeitszeiten im System" name="Berechnung der gesetzlich vorgeschriebenen Pausenzeiten #1" time="0.232"/>
  <testcase classname="Erfassen von Arbeitszeiten im System" name="Berechnung der gesetzlich vorgeschriebenen Pausenzeiten #2" time="0.016"/>
  <testcase classname="Erfassen von Arbeitszeiten im System" name="Berechnung der gesetzlich vorgeschriebenen Pausenzeiten #3" time="0.016"/>
  <testcase classname="Erfassen von Arbeitszeiten im System" name="Berechnung der gesetzlich vorgeschriebenen Pausenzeiten #4" time="0"/>
  <testcase classname="Erfassen von Arbeitszeiten im System" name="Berechnung der gesetzlich vorgeschriebenen Pausenzeiten #5" time="0.022"/>
  <testcase classname="Erfassen von Arbeitszeiten im System" name="Berechnung der gesetzlich vorgeschriebenen Pausenzeiten #6" time="0.047"/>
  <testcase classname="Erfassen von Arbeitszeiten im System" name="Berechnung der gesetzlich vorgeschriebenen Pausenzeiten #7" time="0"/>
  <testcase classname="Erfassen von Arbeitszeiten im System" name="Verteilung der Stunden auf ein Projekt" time="0.085">
    <error message="The step &quot;der Mitarbeiter seine Arbeitszeit auf Projekte verteilt&quot; is undefined. You can implement it using the snippet(s) below:

@Wenn(&quot;der Mitarbeiter seine Arbeitszeit auf Projekte verteilt&quot;)
public void der_mitarbeiter_seine_arbeitszeit_auf_projekte_verteilt() {
    // Write code here that turns the phrase above into concrete actions
    throw new io.cucumber.java.PendingException();
}


Some other steps were also undefined:

@Dann(&quot;ist die Summe der Einzelzeiten identisch mit der Gesamtzeit&quot;)
public void ist_die_summe_der_einzelzeiten_identisch_mit_der_gesamtzeit() {
    // Write code here that turns the phrase above into concrete actions
    throw new io.cucumber.java.PendingException();
}
@Dann(&quot;der gesetzlich vorgeschriebene Pausenabzug ist eingehalten&quot;)
public void der_gesetzlich_vorgeschriebene_pausenabzug_ist_eingehalten() {
    // Write code here that turns the phrase above into concrete actions
    throw new io.cucumber.java.PendingException();
}
" type="io.cucumber.junit.UndefinedStepException">io.cucumber.junit.UndefinedStepException: The step &quot;der Mitarbeiter seine Arbeitszeit auf Projekte verteilt&quot; is undefined. You can implement it using the snippet(s) below:

@Wenn(&quot;der Mitarbeiter seine Arbeitszeit auf Projekte verteilt&quot;)
public void der_mitarbeiter_seine_arbeitszeit_auf_projekte_verteilt() {
    // Write code here that turns the phrase above into concrete actions
    throw new io.cucumber.java.PendingException();
}


Some other steps were also undefined:

@Dann(&quot;ist die Summe der Einzelzeiten identisch mit der Gesamtzeit&quot;)
public void ist_die_summe_der_einzelzeiten_identisch_mit_der_gesamtzeit() {
    // Write code here that turns the phrase above into concrete actions
    throw new io.cucumber.java.PendingException();
}
@Dann(&quot;der gesetzlich vorgeschriebene Pausenabzug ist eingehalten&quot;)
public void der_gesetzlich_vorgeschriebene_pausenabzug_ist_eingehalten() {
    // Write code here that turns the phrase above into concrete actions
    throw new io.cucumber.java.PendingException();
}

</error>
    <system-out>
Szenario: Verteilung der Stunden auf ein Projekt                                &amp;#27;[90m# bddshowcasepackage/Erfassen_von_Arbeitszeiten_im_System.feature:22&amp;#27;[0m
  &amp;#27;[32mAngenommen &amp;#27;[0m&amp;#27;[32mEin Mitarbeiter ist im System erfasst und einem Projekt zugeordnet&amp;#27;[0m &amp;#27;[90m# bddshowcasepackage.BDDShowcaseStepDefinitions.ein_mitarbeiter_ist_im_system_erfasst_und_einem_projekt_zugeordnet()&amp;#27;[0m
  &amp;#27;[33mWenn &amp;#27;[0m&amp;#27;[33mder Mitarbeiter seine Arbeitszeit auf Projekte verteilt&amp;#27;[0m                  &amp;#27;[90m# null&amp;#27;[0m
  &amp;#27;[36mDann &amp;#27;[0m&amp;#27;[36mist die Summe der Einzelzeiten identisch mit der Gesamtzeit&amp;#27;[0m              &amp;#27;[90m# null&amp;#27;[0m
  &amp;#27;[36mUnd &amp;#27;[0m&amp;#27;[36mder gesetzlich vorgeschriebene Pausenabzug ist eingehalten&amp;#27;[0m                &amp;#27;[90m# null&amp;#27;[0m
</system-out>
  </testcase>
</testsuite>